c:\users\vincent\desktop\sp3\gameproject\base\release\main.obj
c:\users\vincent\desktop\sp3\gameproject\base\release\loadtga.obj
c:\users\vincent\desktop\sp3\gameproject\base\release\loadobj.obj
c:\users\vincent\desktop\sp3\gameproject\base\release\loadhmap.obj
c:\users\vincent\desktop\sp3\gameproject\base\release\highscore.obj
c:\users\vincent\desktop\sp3\gameproject\base\release\gameview2d.obj
c:\users\vincent\desktop\sp3\gameproject\base\release\gameobject.obj
c:\users\vincent\desktop\sp3\gameproject\base\release\gamemodellevel4.obj
c:\users\vincent\desktop\sp3\gameproject\base\release\gamemodellevel3.obj
c:\users\vincent\desktop\sp3\gameproject\base\release\gamemodellevel2.obj
c:\users\vincent\desktop\sp3\gameproject\base\release\gamemodellevel1.obj
c:\users\vincent\desktop\sp3\gameproject\base\release\gamemodel2d.obj
c:\users\vincent\desktop\sp3\gameproject\base\release\gamecontroller2d.obj
c:\users\vincent\desktop\sp3\gameproject\base\release\enemypistol.obj
c:\users\vincent\desktop\sp3\gameproject\base\release\controller.obj
c:\users\vincent\desktop\sp3\gameproject\base\release\character_player.obj
c:\users\vincent\desktop\sp3\gameproject\base\release\character_enemy.obj
c:\users\vincent\desktop\sp3\gameproject\base\release\character.obj
c:\users\vincent\desktop\sp3\gameproject\base\release\camera3.obj
c:\users\vincent\desktop\sp3\gameproject\base\release\camera.obj
c:\users\vincent\desktop\sp3\gameproject\base\release\weapon.obj
c:\users\vincent\desktop\sp3\gameproject\base\release\view.obj
c:\users\vincent\desktop\sp3\gameproject\base\release\utility.obj
c:\users\vincent\desktop\sp3\gameproject\base\release\tilemap.obj
c:\users\vincent\desktop\sp3\gameproject\base\release\spriteanimation.obj
c:\users\vincent\desktop\sp3\gameproject\base\release\soundmanager.obj
c:\users\vincent\desktop\sp3\gameproject\base\release\shotgun.obj
c:\users\vincent\desktop\sp3\gameproject\base\release\shader.obj
c:\users\vincent\desktop\sp3\gameproject\base\release\rifle.obj
c:\users\vincent\desktop\sp3\gameproject\base\release\pistol.obj
c:\users\vincent\desktop\sp3\gameproject\base\release\pathfinding_node.obj
c:\users\vincent\desktop\sp3\gameproject\base\release\pathfinding_grid.obj
c:\users\vincent\desktop\sp3\gameproject\base\release\pathfinding.obj
c:\users\vincent\desktop\sp3\gameproject\base\release\model.obj
c:\users\vincent\desktop\sp3\gameproject\base\release\meshbuilder.obj
c:\users\vincent\desktop\sp3\gameproject\base\release\mesh.obj
c:\users\vincent\desktop\sp3\gameproject\base\release\menuview.obj
c:\users\vincent\desktop\sp3\gameproject\base\release\menumodel.obj
c:\users\vincent\desktop\sp3\gameproject\base\release\menucontroller.obj
c:\users\vincent\desktop\sp3\gameproject\base\release\vc100.pdb
c:\users\vincent\desktop\sp3\gameproject\release\base.exe
c:\users\vincent\desktop\sp3\gameproject\base\release\base.exe.intermediate.manifest
c:\users\vincent\desktop\sp3\gameproject\release\base.pdb
c:\users\vincent\desktop\sp3\gameproject\base\release\cl.command.1.tlog
c:\users\vincent\desktop\sp3\gameproject\base\release\cl.read.1.tlog
c:\users\vincent\desktop\sp3\gameproject\base\release\cl.write.1.tlog
c:\users\vincent\desktop\sp3\gameproject\base\release\link.command.1.tlog
c:\users\vincent\desktop\sp3\gameproject\base\release\link.read.1.tlog
c:\users\vincent\desktop\sp3\gameproject\base\release\link.write.1.tlog
c:\users\vincent\desktop\sp3\gameproject\base\release\mt.command.1.tlog
c:\users\vincent\desktop\sp3\gameproject\base\release\mt.read.1.tlog
c:\users\vincent\desktop\sp3\gameproject\base\release\mt.write.1.tlog
