Build started 1/9/2015 10:56:17 AM.
     1>Project "C:\Users\angus_000\Desktop\Documents\SP3\GameProject\Base\Base.vcxproj" on node 2 (Build target(s)).
     1>ClCompile:
         C:\Program Files (x86)\Microsoft Visual Studio 10.0\VC\bin\CL.exe /c /IC:\Users\angus_000\Desktop\Documents\SP3\GameProject\/Common/Source /IC:\Users\angus_000\Desktop\Documents\SP3\GameProject\/glew/include /IC:\Users\angus_000\Desktop\Documents\SP3\GameProject\/glfw/include /IC:\Users\angus_000\Desktop\Documents\SP3\GameProject\\irrKlang\include /Zi /nologo /W3 /WX- /O2 /Oi /Oy- /GL /D _VARIADIC_MAX=10 /D WIN32 /D NDEBUG /D _CONSOLE /D _UNICODE /D UNICODE /Gm- /EHsc /MD /GS /Gy /fp:precise /Zc:wchar_t /Zc:forScope /Fo"Release\\" /Fd"Release\vc100.pdb" /Gd /TP /analyze- /errorReport:prompt Source\GameModel2D.cpp
         GameModel2D.cpp
     1>Source\GameModel2D.cpp(17): warning C4482: nonstandard extension used: enum 'GameModel2D::GEOMETRY_TYPE' used in qualified name
     1>Source\GameModel2D.cpp(225): warning C4244: 'argument' : conversion from 'time_t' to 'unsigned int', possible loss of data
     1>Source\GameModel2D.cpp(300): warning C4305: 'argument' : truncation from 'double' to 'float'
     1>Source\GameModel2D.cpp(300): warning C4305: 'argument' : truncation from 'double' to 'float'
     1>Source\GameModel2D.cpp(300): warning C4305: 'argument' : truncation from 'double' to 'float'
     1>Source\GameModel2D.cpp(317): warning C4244: 'argument' : conversion from 'float' to 'unsigned int', possible loss of data
     1>Source\GameModel2D.cpp(317): warning C4244: 'argument' : conversion from 'float' to 'unsigned int', possible loss of data
     1>Source\GameModel2D.cpp(317): warning C4244: 'argument' : conversion from 'float' to 'unsigned int', possible loss of data
     1>Source\GameModel2D.cpp(317): warning C4244: 'argument' : conversion from 'float' to 'unsigned int', possible loss of data
     1>Source\GameModel2D.cpp(350): warning C4018: '<' : signed/unsigned mismatch
     1>Source\GameModel2D.cpp(357): warning C4244: '+=' : conversion from 'double' to 'float', possible loss of data
     1>Source\GameModel2D.cpp(359): warning C4244: 'argument' : conversion from 'float' to 'unsigned int', possible loss of data
     1>Source\GameModel2D.cpp(359): warning C4244: 'argument' : conversion from 'float' to 'unsigned int', possible loss of data
     1>Source\GameModel2D.cpp(359): warning C4244: 'argument' : conversion from 'float' to 'unsigned int', possible loss of data
     1>Source\GameModel2D.cpp(359): warning C4244: 'argument' : conversion from 'float' to 'unsigned int', possible loss of data
     1>Source\GameModel2D.cpp(361): warning C4244: 'argument' : conversion from 'float' to 'unsigned int', possible loss of data
     1>Source\GameModel2D.cpp(361): warning C4244: 'argument' : conversion from 'float' to 'unsigned int', possible loss of data
     1>Source\GameModel2D.cpp(361): warning C4244: 'argument' : conversion from 'float' to 'unsigned int', possible loss of data
     1>Source\GameModel2D.cpp(361): warning C4244: 'argument' : conversion from 'float' to 'unsigned int', possible loss of data
     1>Source\GameModel2D.cpp(368): warning C4244: 'argument' : conversion from 'float' to 'unsigned int', possible loss of data
     1>Source\GameModel2D.cpp(368): warning C4244: 'argument' : conversion from 'float' to 'unsigned int', possible loss of data
     1>Source\GameModel2D.cpp(368): warning C4244: 'argument' : conversion from 'float' to 'unsigned int', possible loss of data
     1>Source\GameModel2D.cpp(368): warning C4244: 'argument' : conversion from 'float' to 'unsigned int', possible loss of data
     1>Source\GameModel2D.cpp(370): warning C4244: 'argument' : conversion from 'float' to 'unsigned int', possible loss of data
     1>Source\GameModel2D.cpp(370): warning C4244: 'argument' : conversion from 'float' to 'unsigned int', possible loss of data
     1>Source\GameModel2D.cpp(370): warning C4244: 'argument' : conversion from 'float' to 'unsigned int', possible loss of data
     1>Source\GameModel2D.cpp(370): warning C4244: 'argument' : conversion from 'float' to 'unsigned int', possible loss of data
     1>Source\GameModel2D.cpp(375): warning C4244: 'argument' : conversion from 'double' to 'float', possible loss of data
     1>Source\GameModel2D.cpp(383): warning C4244: 'initializing' : conversion from 'double' to 'float', possible loss of data
     1>Source\GameModel2D.cpp(427): warning C4244: '-=' : conversion from 'double' to 'float', possible loss of data
     1>Source\GameModel2D.cpp(431): warning C4244: 'argument' : conversion from 'double' to 'float', possible loss of data
     1>Source\GameModel2D.cpp(432): warning C4244: 'argument' : conversion from 'double' to 'float', possible loss of data
     1>Source\GameModel2D.cpp(433): warning C4244: 'argument' : conversion from 'double' to 'float', possible loss of data
     1>Source\GameModel2D.cpp(529): warning C4018: '<' : signed/unsigned mismatch
     1>Source\GameModel2D.cpp(568): warning C4018: '<' : signed/unsigned mismatch
     1>Source\GameModel2D.cpp(609): warning C4018: '<' : signed/unsigned mismatch
     1>Source\GameModel2D.cpp(654): warning C4018: '<' : signed/unsigned mismatch
     1>Source\GameModel2D.cpp(638): warning C4101: 'y' : unreferenced local variable
     1>Source\GameModel2D.cpp(638): warning C4101: 'x' : unreferenced local variable
     1>Source\GameModel2D.cpp(638): warning C4101: 'z' : unreferenced local variable
     1>Source\GameModel2D.cpp(774): warning C4244: 'argument' : conversion from 'float' to 'unsigned int', possible loss of data
     1>Source\GameModel2D.cpp(774): warning C4244: 'argument' : conversion from 'float' to 'unsigned int', possible loss of data
     1>Source\GameModel2D.cpp(774): warning C4244: 'argument' : conversion from 'float' to 'unsigned int', possible loss of data
     1>Source\GameModel2D.cpp(774): warning C4244: 'argument' : conversion from 'float' to 'unsigned int', possible loss of data
     1>Source\GameModel2D.cpp(795): warning C4244: 'argument' : conversion from 'float' to 'unsigned int', possible loss of data
     1>Source\GameModel2D.cpp(795): warning C4244: 'argument' : conversion from 'float' to 'unsigned int', possible loss of data
     1>Source\GameModel2D.cpp(795): warning C4244: 'argument' : conversion from 'float' to 'unsigned int', possible loss of data
     1>Source\GameModel2D.cpp(795): warning C4244: 'argument' : conversion from 'float' to 'unsigned int', possible loss of data
     1>Source\GameModel2D.cpp(827): warning C4018: '<' : signed/unsigned mismatch
     1>Source\GameModel2D.cpp(845): warning C4018: '<' : signed/unsigned mismatch
     1>Source\GameModel2D.cpp(862): warning C4018: '<' : signed/unsigned mismatch
     1>Source\GameModel2D.cpp(876): warning C4244: 'argument' : conversion from 'float' to 'unsigned int', possible loss of data
     1>Source\GameModel2D.cpp(876): warning C4244: 'argument' : conversion from 'float' to 'unsigned int', possible loss of data
     1>Source\GameModel2D.cpp(876): warning C4244: 'argument' : conversion from 'float' to 'unsigned int', possible loss of data
     1>Source\GameModel2D.cpp(876): warning C4244: 'argument' : conversion from 'float' to 'unsigned int', possible loss of data
     1>Source\GameModel2D.cpp(877): warning C4244: 'argument' : conversion from 'float' to 'unsigned int', possible loss of data
     1>Source\GameModel2D.cpp(877): warning C4244: 'argument' : conversion from 'float' to 'unsigned int', possible loss of data
     1>Source\GameModel2D.cpp(877): warning C4244: 'argument' : conversion from 'float' to 'unsigned int', possible loss of data
     1>Source\GameModel2D.cpp(877): warning C4244: 'argument' : conversion from 'float' to 'unsigned int', possible loss of data
     1>Source\GameModel2D.cpp(892): warning C4244: 'argument' : conversion from 'float' to 'unsigned int', possible loss of data
     1>Source\GameModel2D.cpp(892): warning C4244: 'argument' : conversion from 'float' to 'unsigned int', possible loss of data
     1>Source\GameModel2D.cpp(892): warning C4244: 'argument' : conversion from 'float' to 'unsigned int', possible loss of data
     1>Source\GameModel2D.cpp(892): warning C4244: 'argument' : conversion from 'float' to 'unsigned int', possible loss of data
     1>Source\GameModel2D.cpp(893): warning C4244: 'argument' : conversion from 'float' to 'unsigned int', possible loss of data
     1>Source\GameModel2D.cpp(893): warning C4244: 'argument' : conversion from 'float' to 'unsigned int', possible loss of data
     1>Source\GameModel2D.cpp(893): warning C4244: 'argument' : conversion from 'float' to 'unsigned int', possible loss of data
     1>Source\GameModel2D.cpp(893): warning C4244: 'argument' : conversion from 'float' to 'unsigned int', possible loss of data
     1>Source\GameModel2D.cpp(908): warning C4018: '<' : signed/unsigned mismatch
     1>Source\GameModel2D.cpp(994): warning C4244: 'argument' : conversion from 'float' to 'unsigned int', possible loss of data
     1>Source\GameModel2D.cpp(994): warning C4244: 'argument' : conversion from 'float' to 'unsigned int', possible loss of data
     1>Source\GameModel2D.cpp(994): warning C4244: 'argument' : conversion from 'float' to 'unsigned int', possible loss of data
     1>Source\GameModel2D.cpp(994): warning C4244: 'argument' : conversion from 'float' to 'unsigned int', possible loss of data
     1>Source\GameModel2D.cpp(1004): warning C4244: 'argument' : conversion from 'float' to 'unsigned int', possible loss of data
     1>Source\GameModel2D.cpp(1004): warning C4244: 'argument' : conversion from 'float' to 'unsigned int', possible loss of data
     1>Source\GameModel2D.cpp(1010): warning C4244: 'argument' : conversion from 'int' to 'float', possible loss of data
     1>Source\GameModel2D.cpp(1020): warning C4244: 'argument' : conversion from 'int' to 'float', possible loss of data
     1>Source\GameModel2D.cpp(1030): warning C4244: 'argument' : conversion from 'int' to 'float', possible loss of data
     1>Source\GameModel2D.cpp(1040): warning C4244: 'argument' : conversion from 'int' to 'float', possible loss of data
     1>Source\GameModel2D.cpp(1053): warning C4244: 'argument' : conversion from 'float' to 'unsigned int', possible loss of data
     1>Source\GameModel2D.cpp(1053): warning C4244: 'argument' : conversion from 'float' to 'unsigned int', possible loss of data
     1>Source\GameModel2D.cpp(1119): warning C4018: '<' : signed/unsigned mismatch
     1>Source\GameModel2D.cpp(1158): warning C4244: 'argument' : conversion from 'double' to 'float', possible loss of data
     1>Source\GameModel2D.cpp(1185): warning C4244: 'argument' : conversion from 'double' to 'float', possible loss of data
     1>Source\GameModel2D.cpp(1186): warning C4244: 'argument' : conversion from 'double' to 'float', possible loss of data
     1>Source\GameModel2D.cpp(1244): warning C4244: 'argument' : conversion from 'double' to 'float', possible loss of data
     1>Source\GameModel2D.cpp(1260): warning C4305: 'argument' : truncation from 'double' to 'float'
     1>Source\GameModel2D.cpp(1260): warning C4305: 'argument' : truncation from 'double' to 'float'
     1>Source\GameModel2D.cpp(1260): warning C4305: 'argument' : truncation from 'double' to 'float'
     1>Source\GameModel2D.cpp(1281): warning C4305: 'argument' : truncation from 'double' to 'float'
     1>Source\GameModel2D.cpp(1281): warning C4305: 'argument' : truncation from 'double' to 'float'
     1>Source\GameModel2D.cpp(1281): warning C4305: 'argument' : truncation from 'double' to 'float'
     1>Source\GameModel2D.cpp(1303): warning C4305: 'argument' : truncation from 'double' to 'float'
     1>Source\GameModel2D.cpp(1303): warning C4305: 'argument' : truncation from 'double' to 'float'
     1>Source\GameModel2D.cpp(1303): warning C4305: 'argument' : truncation from 'double' to 'float'
     1>Source\GameModel2D.cpp(1627): warning C4244: 'argument' : conversion from 'double' to 'float', possible loss of data
     1>Source\GameModel2D.cpp(1650): warning C4018: '<' : signed/unsigned mismatch
     1>Source\GameModel2D.cpp(1652): warning C4018: '<' : signed/unsigned mismatch
     1>Source\GameModel2D.cpp(1655): warning C4244: 'argument' : conversion from 'int' to 'float', possible loss of data
     1>Source\GameModel2D.cpp(1655): warning C4244: 'argument' : conversion from 'int' to 'float', possible loss of data
     1>Source\GameModel2D.cpp(1665): warning C4244: 'argument' : conversion from 'int' to 'float', possible loss of data
     1>Source\GameModel2D.cpp(1665): warning C4244: 'argument' : conversion from 'int' to 'float', possible loss of data
     1>Source\GameModel2D.cpp(1678): warning C4244: 'argument' : conversion from 'int' to 'float', possible loss of data
     1>Source\GameModel2D.cpp(1678): warning C4244: 'argument' : conversion from 'int' to 'float', possible loss of data
     1>Source\GameModel2D.cpp(1684): warning C4244: 'argument' : conversion from 'int' to 'float', possible loss of data
     1>Source\GameModel2D.cpp(1684): warning C4244: 'argument' : conversion from 'int' to 'float', possible loss of data
     1>Source\GameModel2D.cpp(1812): warning C4018: '<' : signed/unsigned mismatch
     1>Source\GameModel2D.cpp(1814): warning C4018: '<' : signed/unsigned mismatch
     1>Source\GameModel2D.cpp(1817): warning C4244: 'argument' : conversion from 'int' to 'float', possible loss of data
     1>Source\GameModel2D.cpp(1817): warning C4244: 'argument' : conversion from 'int' to 'float', possible loss of data
     1>Source\GameModel2D.cpp(1863): warning C4305: 'argument' : truncation from 'double' to 'float'
     1>Source\GameModel2D.cpp(1907): warning C4244: 'argument' : conversion from 'float' to 'unsigned int', possible loss of data
     1>Source\GameModel2D.cpp(1907): warning C4244: 'argument' : conversion from 'float' to 'unsigned int', possible loss of data
     1>Source\GameModel2D.cpp(1907): warning C4244: 'argument' : conversion from 'float' to 'unsigned int', possible loss of data
     1>Source\GameModel2D.cpp(1907): warning C4244: 'argument' : conversion from 'float' to 'unsigned int', possible loss of data
       Link:
         C:\Program Files (x86)\Microsoft Visual Studio 10.0\VC\bin\link.exe /ERRORREPORT:PROMPT /OUT:"C:\Users\angus_000\Desktop\Documents\SP3\GameProject\Release\Base.exe" /INCREMENTAL:NO /NOLOGO /LIBPATH:C:\Users\angus_000\Desktop\Documents\SP3\GameProject\Release /LIBPATH:"C:\Users\angus_000\Desktop\Documents\SP3\GameProject\/glfw/lib-msvc100" /LIBPATH:C:\Users\angus_000\Desktop\Documents\SP3\GameProject\/glew/lib /LIBPATH:C:\Users\angus_000\Desktop\Documents\SP3\GameProject\\irrKlang\lib /LIBPATH:C:\Users\angus_000\Desktop\Documents\SP3\GameProject\/irrKlang/lib Common.lib winmm.lib opengl32.lib glu32.lib glew32.lib glfw3.lib kernel32.lib user32.lib gdi32.lib winspool.lib comdlg32.lib advapi32.lib shell32.lib ole32.lib oleaut32.lib uuid.lib odbc32.lib odbccp32.lib /MANIFEST /ManifestFile:"Release\Base.exe.intermediate.manifest" /MANIFESTUAC:"level='asInvoker' uiAccess='false'" /DEBUG /PDB:"C:\Users\angus_000\Desktop\Documents\SP3\GameProject\Release\Base.pdb" /SUBSYSTEM:CONSOLE /OPT:REF /OPT:ICF /LTCG /TLBID:1 /DYNAMICBASE /NXCOMPAT /IMPLIB:"C:\Users\angus_000\Desktop\Documents\SP3\GameProject\Release\Base.lib" /MACHINE:X86 Release\Camera.obj
         Release\Camera3.obj
         Release\Character.obj
         Release\Character_Enemy.obj
         Release\Character_Player.obj
         Release\Controller.obj
         Release\EnemyPistol.obj
         Release\GameController2D.obj
         Release\GameModel2D.obj
         Release\GameModelLevel1.obj
         Release\GameModelLevel2.obj
         Release\GameModelLevel3.obj
         Release\GameModelLevel4.obj
         Release\GameObject.obj
         Release\GameView2D.obj
         Release\LoadHmap.obj
         Release\LoadOBJ.obj
         Release\LoadTGA.obj
         Release\main.obj
         Release\MenuController.obj
         Release\MenuModel.obj
         Release\MenuView.obj
         Release\Mesh.obj
         Release\MeshBuilder.obj
         Release\Model.obj
         Release\Pathfinding.obj
         Release\Pathfinding_Grid.obj
         Release\Pathfinding_Node.obj
         Release\Pistol.obj
         Release\Rifle.obj
         Release\shader.obj
         Release\Shotgun.obj
         Release\SoundManager.obj
         Release\SpriteAnimation.obj
         Release\TileMap.obj
         Release\Utility.obj
         Release\View.obj
         Release\Weapon.obj
         Generating code
     1>c:\users\angus_000\desktop\documents\sp3\gameproject\base\source\gamemodel2d.cpp(1423): warning C4715: 'GameModel2D::getEnemyMesh' : not all control paths return a value
     1>c:\users\angus_000\desktop\documents\sp3\gameproject\base\source\gamemodel2d.cpp(1404): warning C4715: 'GameModel2D::getPlayerMesh' : not all control paths return a value
     1>c:\users\angus_000\desktop\documents\sp3\gameproject\base\source\controller.cpp(96): warning C4715: 'Controller::gameExit' : not all control paths return a value
     1>c:\users\angus_000\desktop\documents\sp3\gameproject\base\source\pathfinding.cpp(76): warning C4715: 'CPathfinding::FindPath' : not all control paths return a value
     1>c:\users\angus_000\desktop\documents\sp3\gameproject\base\source\gamemodel2d.cpp(343): warning C4715: 'GameModel2D::VeryRealRaycasting' : not all control paths return a value
         Finished generating code
         Base.vcxproj -> C:\Users\angus_000\Desktop\Documents\SP3\GameProject\Release\Base.exe
       Manifest:
         C:\Program Files (x86)\Microsoft SDKs\Windows\v7.0A\bin\mt.exe /nologo /verbose /outputresource:"C:\Users\angus_000\Desktop\Documents\SP3\GameProject\Release\Base.exe;#1" /manifest Release\Base.exe.intermediate.manifest
     1>Done Building Project "C:\Users\angus_000\Desktop\Documents\SP3\GameProject\Base\Base.vcxproj" (Build target(s)).

Build succeeded.

Time Elapsed 00:00:04.66
