C:\USERS\ALOYSIUS CHUN\DESKTOP\GAMEPROJECT\COMMON\DEBUG\MATHUTILITY.OBJ
C:\USERS\ALOYSIUS CHUN\DESKTOP\GAMEPROJECT\COMMON\DEBUG\MATRIXSTACK.OBJ
C:\USERS\ALOYSIUS CHUN\DESKTOP\GAMEPROJECT\COMMON\DEBUG\MTX44.OBJ
C:\USERS\ALOYSIUS CHUN\DESKTOP\GAMEPROJECT\COMMON\DEBUG\TIMER.OBJ
C:\USERS\ALOYSIUS CHUN\DESKTOP\GAMEPROJECT\COMMON\DEBUG\VC100.PDB
C:\USERS\ALOYSIUS CHUN\DESKTOP\GAMEPROJECT\COMMON\DEBUG\VECTOR2.OBJ
C:\USERS\ALOYSIUS CHUN\DESKTOP\GAMEPROJECT\COMMON\DEBUG\VECTOR3.OBJ
C:\USERS\ALOYSIUS CHUN\DESKTOP\GAMEPROJECT\DEBUG\COMMON.LIB
C:\Users\Aloysius Chun\Desktop\SP3.git\GameProject\Common\Debug\cl.command.1.tlog
C:\Users\Aloysius Chun\Desktop\SP3.git\GameProject\Common\Debug\CL.read.1.tlog
C:\Users\Aloysius Chun\Desktop\SP3.git\GameProject\Common\Debug\CL.write.1.tlog
C:\Users\Aloysius Chun\Desktop\SP3.git\GameProject\Common\Debug\Common.vcxprojResolveAssemblyReference.cache
C:\Users\Aloysius Chun\Desktop\SP3.git\GameProject\Common\Debug\Common.write.1.tlog
C:\Users\Aloysius Chun\Desktop\SP3.git\GameProject\Common\Debug\lib.command.1.tlog
C:\Users\Aloysius Chun\Desktop\SP3.git\GameProject\Common\Debug\Lib-link.read.1.tlog
C:\Users\Aloysius Chun\Desktop\SP3.git\GameProject\Common\Debug\Lib-link.write.1.tlog
C:\USERS\ALOYSIUS CHUN\DESKTOP\SP3.GIT\GAMEPROJECT\COMMON\DEBUG\MATHUTILITY.OBJ
C:\USERS\ALOYSIUS CHUN\DESKTOP\SP3.GIT\GAMEPROJECT\COMMON\DEBUG\MATRIXSTACK.OBJ
C:\USERS\ALOYSIUS CHUN\DESKTOP\SP3.GIT\GAMEPROJECT\COMMON\DEBUG\MTX44.OBJ
C:\USERS\ALOYSIUS CHUN\DESKTOP\SP3.GIT\GAMEPROJECT\COMMON\DEBUG\TIMER.OBJ
C:\Users\Aloysius Chun\Desktop\SP3.git\GameProject\Common\Debug\vc100.idb
C:\USERS\ALOYSIUS CHUN\DESKTOP\SP3.GIT\GAMEPROJECT\COMMON\DEBUG\VC100.PDB
C:\USERS\ALOYSIUS CHUN\DESKTOP\SP3.GIT\GAMEPROJECT\COMMON\DEBUG\VECTOR2.OBJ
C:\USERS\ALOYSIUS CHUN\DESKTOP\SP3.GIT\GAMEPROJECT\COMMON\DEBUG\VECTOR3.OBJ
C:\USERS\ALOYSIUS CHUN\DESKTOP\SP3.GIT\GAMEPROJECT\DEBUG\COMMON.LIB
C:\USERS\USER\DESKTOP\GAMEPROJECT\COMMON\DEBUG\MATHUTILITY.OBJ
C:\USERS\USER\DESKTOP\GAMEPROJECT\COMMON\DEBUG\MATRIXSTACK.OBJ
C:\USERS\USER\DESKTOP\GAMEPROJECT\COMMON\DEBUG\MTX44.OBJ
C:\USERS\USER\DESKTOP\GAMEPROJECT\COMMON\DEBUG\TIMER.OBJ
C:\USERS\USER\DESKTOP\GAMEPROJECT\COMMON\DEBUG\VC100.PDB
C:\USERS\USER\DESKTOP\GAMEPROJECT\COMMON\DEBUG\VECTOR2.OBJ
C:\USERS\USER\DESKTOP\GAMEPROJECT\COMMON\DEBUG\VECTOR3.OBJ
C:\USERS\USER\DESKTOP\GAMEPROJECT\DEBUG\COMMON.LIB
