C:\USERS\ALOYSIUS CHUN\DESKTOP\GAMEPROJECT\BASE\DEBUG\BASE.EXE.INTERMEDIATE.MANIFEST
C:\USERS\ALOYSIUS CHUN\DESKTOP\GAMEPROJECT\BASE\DEBUG\CAMERA.OBJ
C:\USERS\ALOYSIUS CHUN\DESKTOP\GAMEPROJECT\BASE\DEBUG\CAMERA3.OBJ
C:\USERS\ALOYSIUS CHUN\DESKTOP\GAMEPROJECT\BASE\DEBUG\CHARACTER.OBJ
C:\USERS\ALOYSIUS CHUN\DESKTOP\GAMEPROJECT\BASE\DEBUG\CONTROLLER.OBJ
C:\USERS\ALOYSIUS CHUN\DESKTOP\GAMEPROJECT\BASE\DEBUG\GAMECONTROLLER2D.OBJ
C:\USERS\ALOYSIUS CHUN\DESKTOP\GAMEPROJECT\BASE\DEBUG\GAMEMODEL2D.OBJ
C:\USERS\ALOYSIUS CHUN\DESKTOP\GAMEPROJECT\BASE\DEBUG\GAMEMODELLEVEL1.OBJ
C:\USERS\ALOYSIUS CHUN\DESKTOP\GAMEPROJECT\BASE\DEBUG\GAMEMODELLEVEL2.OBJ
C:\USERS\ALOYSIUS CHUN\DESKTOP\GAMEPROJECT\BASE\DEBUG\GAMEVIEW2D.OBJ
C:\USERS\ALOYSIUS CHUN\DESKTOP\GAMEPROJECT\BASE\DEBUG\LOADHMAP.OBJ
C:\USERS\ALOYSIUS CHUN\DESKTOP\GAMEPROJECT\BASE\DEBUG\LOADOBJ.OBJ
C:\USERS\ALOYSIUS CHUN\DESKTOP\GAMEPROJECT\BASE\DEBUG\LOADTGA.OBJ
C:\USERS\ALOYSIUS CHUN\DESKTOP\GAMEPROJECT\BASE\DEBUG\MAIN.OBJ
C:\USERS\ALOYSIUS CHUN\DESKTOP\GAMEPROJECT\BASE\DEBUG\MENUCONTROLLER.OBJ
C:\USERS\ALOYSIUS CHUN\DESKTOP\GAMEPROJECT\BASE\DEBUG\MENUMODEL.OBJ
C:\USERS\ALOYSIUS CHUN\DESKTOP\GAMEPROJECT\BASE\DEBUG\MENUVIEW.OBJ
C:\USERS\ALOYSIUS CHUN\DESKTOP\GAMEPROJECT\BASE\DEBUG\MESH.OBJ
C:\USERS\ALOYSIUS CHUN\DESKTOP\GAMEPROJECT\BASE\DEBUG\MESHBUILDER.OBJ
C:\USERS\ALOYSIUS CHUN\DESKTOP\GAMEPROJECT\BASE\DEBUG\MODEL.OBJ
C:\USERS\ALOYSIUS CHUN\DESKTOP\GAMEPROJECT\BASE\DEBUG\MOUSECHARACTER.OBJ
C:\USERS\ALOYSIUS CHUN\DESKTOP\GAMEPROJECT\BASE\DEBUG\PLAYERCHARACTER.OBJ
C:\USERS\ALOYSIUS CHUN\DESKTOP\GAMEPROJECT\BASE\DEBUG\SHADER.OBJ
C:\USERS\ALOYSIUS CHUN\DESKTOP\GAMEPROJECT\BASE\DEBUG\SPRITEANIMATION.OBJ
C:\USERS\ALOYSIUS CHUN\DESKTOP\GAMEPROJECT\BASE\DEBUG\TILEMAP.OBJ
C:\USERS\ALOYSIUS CHUN\DESKTOP\GAMEPROJECT\BASE\DEBUG\UTILITY.OBJ
C:\USERS\ALOYSIUS CHUN\DESKTOP\GAMEPROJECT\BASE\DEBUG\VC100.PDB
C:\USERS\ALOYSIUS CHUN\DESKTOP\GAMEPROJECT\BASE\DEBUG\VIEW.OBJ
C:\USERS\ALOYSIUS CHUN\DESKTOP\GAMEPROJECT\DEBUG\BASE.EXE
C:\USERS\ALOYSIUS CHUN\DESKTOP\GAMEPROJECT\DEBUG\BASE.PDB
C:\USERS\ALOYSIUS CHUN\DESKTOP\SP3.GIT\GAMEPROJECT\BASE\DEBUG\BASE.EXE.INTERMEDIATE.MANIFEST
C:\Users\Aloysius Chun\Desktop\SP3.git\GameProject\Base\Debug\Base.vcxprojResolveAssemblyReference.cache
C:\Users\Aloysius Chun\Desktop\SP3.git\GameProject\Base\Debug\Base.write.1.tlog
C:\USERS\ALOYSIUS CHUN\DESKTOP\SP3.GIT\GAMEPROJECT\BASE\DEBUG\CAMERA.OBJ
C:\USERS\ALOYSIUS CHUN\DESKTOP\SP3.GIT\GAMEPROJECT\BASE\DEBUG\CAMERA3.OBJ
C:\USERS\ALOYSIUS CHUN\DESKTOP\SP3.GIT\GAMEPROJECT\BASE\DEBUG\CHARACTER.OBJ
C:\USERS\ALOYSIUS CHUN\DESKTOP\SP3.GIT\GAMEPROJECT\BASE\DEBUG\CHARACTER_ENEMY.OBJ
C:\USERS\ALOYSIUS CHUN\DESKTOP\SP3.GIT\GAMEPROJECT\BASE\DEBUG\CHARACTER_PLAYER.OBJ
C:\Users\Aloysius Chun\Desktop\SP3.git\GameProject\Base\Debug\cl.command.1.tlog
C:\Users\Aloysius Chun\Desktop\SP3.git\GameProject\Base\Debug\CL.read.1.tlog
C:\Users\Aloysius Chun\Desktop\SP3.git\GameProject\Base\Debug\CL.write.1.tlog
C:\USERS\ALOYSIUS CHUN\DESKTOP\SP3.GIT\GAMEPROJECT\BASE\DEBUG\CONTROLLER.OBJ
C:\USERS\ALOYSIUS CHUN\DESKTOP\SP3.GIT\GAMEPROJECT\BASE\DEBUG\GAMECONTROLLER2D.OBJ
C:\USERS\ALOYSIUS CHUN\DESKTOP\SP3.GIT\GAMEPROJECT\BASE\DEBUG\GAMEMODEL2D.OBJ
C:\USERS\ALOYSIUS CHUN\DESKTOP\SP3.GIT\GAMEPROJECT\BASE\DEBUG\GAMEMODELLEVEL1.OBJ
C:\USERS\ALOYSIUS CHUN\DESKTOP\SP3.GIT\GAMEPROJECT\BASE\DEBUG\GAMEMODELLEVEL2.OBJ
C:\USERS\ALOYSIUS CHUN\DESKTOP\SP3.GIT\GAMEPROJECT\BASE\DEBUG\GAMEMODELLEVEL3.OBJ
C:\USERS\ALOYSIUS CHUN\DESKTOP\SP3.GIT\GAMEPROJECT\BASE\DEBUG\GAMEMODELLEVEL4.OBJ
C:\USERS\ALOYSIUS CHUN\DESKTOP\SP3.GIT\GAMEPROJECT\BASE\DEBUG\GAMEVIEW2D.OBJ
C:\Users\Aloysius Chun\Desktop\SP3.git\GameProject\Base\Debug\link.command.1.tlog
C:\Users\Aloysius Chun\Desktop\SP3.git\GameProject\Base\Debug\link.read.1.tlog
C:\Users\Aloysius Chun\Desktop\SP3.git\GameProject\Base\Debug\link.write.1.tlog
C:\USERS\ALOYSIUS CHUN\DESKTOP\SP3.GIT\GAMEPROJECT\BASE\DEBUG\LOADHMAP.OBJ
C:\USERS\ALOYSIUS CHUN\DESKTOP\SP3.GIT\GAMEPROJECT\BASE\DEBUG\LOADOBJ.OBJ
C:\USERS\ALOYSIUS CHUN\DESKTOP\SP3.GIT\GAMEPROJECT\BASE\DEBUG\LOADTGA.OBJ
C:\USERS\ALOYSIUS CHUN\DESKTOP\SP3.GIT\GAMEPROJECT\BASE\DEBUG\MAIN.OBJ
C:\USERS\ALOYSIUS CHUN\DESKTOP\SP3.GIT\GAMEPROJECT\BASE\DEBUG\MENUCONTROLLER.OBJ
C:\USERS\ALOYSIUS CHUN\DESKTOP\SP3.GIT\GAMEPROJECT\BASE\DEBUG\MENUMODEL.OBJ
C:\USERS\ALOYSIUS CHUN\DESKTOP\SP3.GIT\GAMEPROJECT\BASE\DEBUG\MENUVIEW.OBJ
C:\USERS\ALOYSIUS CHUN\DESKTOP\SP3.GIT\GAMEPROJECT\BASE\DEBUG\MESH.OBJ
C:\USERS\ALOYSIUS CHUN\DESKTOP\SP3.GIT\GAMEPROJECT\BASE\DEBUG\MESHBUILDER.OBJ
C:\USERS\ALOYSIUS CHUN\DESKTOP\SP3.GIT\GAMEPROJECT\BASE\DEBUG\MODEL.OBJ
C:\Users\Aloysius Chun\Desktop\SP3.git\GameProject\Base\Debug\mt.command.1.tlog
C:\Users\Aloysius Chun\Desktop\SP3.git\GameProject\Base\Debug\mt.read.1.tlog
C:\Users\Aloysius Chun\Desktop\SP3.git\GameProject\Base\Debug\mt.write.1.tlog
C:\USERS\ALOYSIUS CHUN\DESKTOP\SP3.GIT\GAMEPROJECT\BASE\DEBUG\PLAYERWEAPON.OBJ
C:\USERS\ALOYSIUS CHUN\DESKTOP\SP3.GIT\GAMEPROJECT\BASE\DEBUG\SHADER.OBJ
C:\USERS\ALOYSIUS CHUN\DESKTOP\SP3.GIT\GAMEPROJECT\BASE\DEBUG\SPRITEANIMATION.OBJ
C:\USERS\ALOYSIUS CHUN\DESKTOP\SP3.GIT\GAMEPROJECT\BASE\DEBUG\TILEMAP.OBJ
C:\USERS\ALOYSIUS CHUN\DESKTOP\SP3.GIT\GAMEPROJECT\BASE\DEBUG\UTILITY.OBJ
C:\Users\Aloysius Chun\Desktop\SP3.git\GameProject\Base\Debug\vc100.idb
C:\USERS\ALOYSIUS CHUN\DESKTOP\SP3.GIT\GAMEPROJECT\BASE\DEBUG\VC100.PDB
C:\USERS\ALOYSIUS CHUN\DESKTOP\SP3.GIT\GAMEPROJECT\BASE\DEBUG\VIEW.OBJ
C:\USERS\ALOYSIUS CHUN\DESKTOP\SP3.GIT\GAMEPROJECT\DEBUG\BASE.EXE
C:\USERS\ALOYSIUS CHUN\DESKTOP\SP3.GIT\GAMEPROJECT\DEBUG\BASE.PDB
C:\USERS\USER\DESKTOP\GAMEPROJECT\BASE\DEBUG\BASE.EXE.INTERMEDIATE.MANIFEST
C:\USERS\USER\DESKTOP\GAMEPROJECT\BASE\DEBUG\CAMERA.OBJ
C:\USERS\USER\DESKTOP\GAMEPROJECT\BASE\DEBUG\CAMERA3.OBJ
C:\USERS\USER\DESKTOP\GAMEPROJECT\BASE\DEBUG\CHARACTER.OBJ
C:\USERS\USER\DESKTOP\GAMEPROJECT\BASE\DEBUG\CONTROLLER.OBJ
C:\USERS\USER\DESKTOP\GAMEPROJECT\BASE\DEBUG\GAMECONTROLLER2D.OBJ
C:\USERS\USER\DESKTOP\GAMEPROJECT\BASE\DEBUG\GAMEMODEL2D.OBJ
C:\USERS\USER\DESKTOP\GAMEPROJECT\BASE\DEBUG\GAMEMODELLEVEL1.OBJ
C:\USERS\USER\DESKTOP\GAMEPROJECT\BASE\DEBUG\GAMEMODELLEVEL2.OBJ
C:\USERS\USER\DESKTOP\GAMEPROJECT\BASE\DEBUG\GAMEVIEW2D.OBJ
C:\USERS\USER\DESKTOP\GAMEPROJECT\BASE\DEBUG\LOADHMAP.OBJ
C:\USERS\USER\DESKTOP\GAMEPROJECT\BASE\DEBUG\LOADOBJ.OBJ
C:\USERS\USER\DESKTOP\GAMEPROJECT\BASE\DEBUG\LOADTGA.OBJ
C:\USERS\USER\DESKTOP\GAMEPROJECT\BASE\DEBUG\MAIN.OBJ
C:\USERS\USER\DESKTOP\GAMEPROJECT\BASE\DEBUG\MENUCONTROLLER.OBJ
C:\USERS\USER\DESKTOP\GAMEPROJECT\BASE\DEBUG\MENUMODEL.OBJ
C:\USERS\USER\DESKTOP\GAMEPROJECT\BASE\DEBUG\MENUVIEW.OBJ
C:\USERS\USER\DESKTOP\GAMEPROJECT\BASE\DEBUG\MESH.OBJ
C:\USERS\USER\DESKTOP\GAMEPROJECT\BASE\DEBUG\MESHBUILDER.OBJ
C:\USERS\USER\DESKTOP\GAMEPROJECT\BASE\DEBUG\MODEL.OBJ
C:\USERS\USER\DESKTOP\GAMEPROJECT\BASE\DEBUG\MOUSECHARACTER.OBJ
C:\USERS\USER\DESKTOP\GAMEPROJECT\BASE\DEBUG\PLAYERCHARACTER.OBJ
C:\USERS\USER\DESKTOP\GAMEPROJECT\BASE\DEBUG\SHADER.OBJ
C:\USERS\USER\DESKTOP\GAMEPROJECT\BASE\DEBUG\SPRITEANIMATION.OBJ
C:\USERS\USER\DESKTOP\GAMEPROJECT\BASE\DEBUG\TILEMAP.OBJ
C:\USERS\USER\DESKTOP\GAMEPROJECT\BASE\DEBUG\UTILITY.OBJ
C:\USERS\USER\DESKTOP\GAMEPROJECT\BASE\DEBUG\VC100.PDB
C:\USERS\USER\DESKTOP\GAMEPROJECT\BASE\DEBUG\VIEW.OBJ
C:\USERS\USER\DESKTOP\GAMEPROJECT\DEBUG\BASE.EXE
C:\USERS\USER\DESKTOP\GAMEPROJECT\DEBUG\BASE.PDB
